^ 10107 : 2 2.1707 1333.3392857142858 2.1707 (2019 - 2020)
^ 10669 : 4 3.1831 2196.0882352941176 3.1831 (2022 - )
^ 11299 : 2 2.4409 5333.357142857143 2.4409 (2020 - 2021)
^ 11314 : 2 2.0922 6222.25 2.0922 (2020 - 2021)
^ 11337 : 2 5.0273 1623.195652173913 5.0273 (2019 - 2020)
^ 11500 : 4 3.153 4148.166666666667 3.153 (2022 - )
^ 11905 : 4 2.1169 3733.35 2.1169 (2022 - )
^ 12150 : 4 2.8852 1244.45 2.8852 (2022 - )
^ 12323 : 2 2.49 4148.166666666667 2.49 (2021 - 2022)
^ 13336 : 2 2.4409 5333.357142857143 2.4409 (2020 - 2021)
^ 1366 : 2 2.5469 2196.0882352941176 2.5469 (2021 - 2022)
^ 13945 : 2 3.195 4666.6875 3.195 (2019 - 2020)
^ 14087 : 2 2.5103 910.5731707317074 2.5103 (2019 - 2020)
^ 14644 : 2 2.1789 2666.6785714285716 2.1789 (2021 - 2022)
^ 14826 : 4 2.1019 6222.25 2.1019 (2022 - )
^ 14949 : 4 2.1019 6222.25 2.1019 (2022 - )
^ 15002 : 2 2.1479 1777.7857142857142 2.1479 (2019 - 2020)
^ 15104 : 2 2.2307 2333.34375 2.2307 (2019 - 2020)
^ 15243 : 2 2.3961 6222.25 2.3961 (2019 - 2020)
^ 15850 : 4 2.1019 6222.25 2.1019 (2022 - )
^ 16094 : 2 3.3235 2196.0882352941176 3.3235 (2019 - 2020)
^ 16122 : 2 2.8295 4666.6875 2.8295 (2021 - 2022)
^ 16288 : 2 2.0964 4666.6875 2.0964 (2020 - 2021)
^ 16520 : 2 8.3187 632.771186440678 8.3187 (2019 - 2020)
^ 16525 : 2 2.3961 6222.25 2.3961 (2019 - 2020)
^ 16856 : 2 2.7955 5333.357142857143 2.7955 (2019 - 2020)
^ 17240 : 2 2.419 2871.8076923076924 2.419 (2019 - 2020)
^ 17478 : 2 2.8722 2666.6785714285716 2.8722 (2021 - 2022)
^ 17735 : 2 2.1221 6222.25 2.1221 (2021 - 2022)
^ 1912 : 4 2.8102 3733.35 2.8102 (2022 - )
^ 2122 : 2 2.1023 5333.357142857143 2.1023 (2019 - 2020)
^ 2394 : 2 4.9042 1555.5625 4.9042 (2020 - 2021)
^ 2538 : 2 1.9967 7466.7 1.9967 (2019 - 2020)
^ 2598 : 4 2.4523 5333.357142857143 2.4523 (2022 - )
^ 2680 : 2 1.9967 7466.7 1.9967 (2019 - 2020)
^ 2710 : 2 2.7939 3733.35 2.7939 (2020 - 2021)
^ 3113 : 2 2.0922 6222.25 2.0922 (2020 - 2021)
^ 3291 : 2 2.4452 4148.166666666667 2.4452 (2020 - 2021)
^ 3409 : 2 2.1221 6222.25 2.1221 (2021 - 2022)
^ 470 : 2 3.9113 2488.9 3.9113 (2019 - 2020)
^ 472 : 2 2.1023 5333.357142857143 2.1023 (2019 - 2020)
^ 4745 : 4 2.8177 3111.125 2.8177 (2022 - )
^ 4748 : 4 2.1019 6222.25 2.1019 (2022 - )
^ 5956 : 2 2.5246 2488.9 2.5246 (2019 - 2020)
^ 6008 : 2 2.4749 1623.195652173913 2.4749 (2020 - 2021)
^ 6009 : 2 2.4749 1623.195652173913 2.4749 (2020 - 2021)
^ 6124 : 2 1.9967 7466.7 1.9967 (2019 - 2020)
^ 6125 : 2 1.9967 7466.7 1.9967 (2019 - 2020)
^ 639 : 2 1.9967 7466.7 1.9967 (2019 - 2020)
^ 6427 : 2 2.7897 4666.6875 2.7897 (2020 - 2021)
^ 6428 : 2 2.7897 4666.6875 2.7897 (2020 - 2021)
^ 6829 : 2 2.7897 4666.6875 2.7897 (2020 - 2021)
^ 6906 : 2 2.7897 4666.6875 2.7897 (2020 - 2021)
^ 6907 : 2 2.0922 6222.25 2.0922 (2020 - 2021)
^ 6949 : 2 3.836 3393.9545454545455 3.836 (2020 - 2021)
^ 7056 : 2 3.8575 1777.7857142857142 3.8575 (2020 - 2021)
^ 7058 : 2 2.4409 5333.357142857143 2.4409 (2020 - 2021)
^ 7216 : 2 3.8446 2488.9 3.8446 (2020 - 2021)
^ 7236 : 2 2.0196 3111.125 2.0196 (2019 - 2020)
^ 7237 : 2 1.9967 7466.7 1.9967 (2019 - 2020)
^ 7269 : 4 2.1094 4666.6875 2.1094 (2022 - )
^ 7579 : 2 1.9967 7466.7 1.9967 (2019 - 2020)
^ 7898 : 3 1.9934 3393.9545454545455 1.9934 (2020 - 2022)
^ 7965 : 2 2.5246 2488.9 2.5246 (2019 - 2020)
^ 8047 : 2 2.2079 4148.166666666667 2.2079 (2019 - 2020)
^ 8518 : 2 2.1479 1777.7857142857142 2.1479 (2019 - 2020)
^ 8551 : 2 2.8153 1866.675 2.8153 (2020 - 2021)
^ 8635 : 4 8.0598 1623.195652173913 8.0598 (2022 - )
^ 8641 : 4 2.4523 5333.357142857143 2.4523 (2022 - )
^ 8698 : 4 2.8252 2666.6785714285716 2.8252 (2022 - )
^ 8740 : 2 3.8908 3393.9545454545455 3.8908 (2021 - 2022)
^ 9135 : 4 3.1606 3393.9545454545455 3.1606 (2022 - )
^ 9539 : 4 4.9431 1555.5625 4.9431 (2022 - )
^ 9628 : 2 2.8238 1555.5625 2.8238 (2020 - 2021)
^ 9748 : 2 2.7939 3733.35 2.7939 (2020 - 2021)
