^ 1002 : 6 11.4252 153.23295454545453 11.4252 (2008 - 2013)
^ 1004 : 13 4.5424 51.077651515151516 4.5424 (1996 - 2008)
^ 1010 : 2 5.841 275.1938775510204 5.841 (2009 - 2010)
^ 1013 : 2 4.1143 217.49193548387098 4.1143 (2016 - 2017)
^ 1018 : 7 6.7413 354.85526315789474 6.7413 (2010 - 2016)
^ 1023 : 5 5.3257 709.7105263157895 5.3257 (2022 - )
^ 1026 : 10 7.1913 240.79464285714286 7.1913 (2008 - 2017)
^ 1028 : 5 4.4212 1225.8636363636363 4.4212 (2014 - 2018)
^ 103 : 16 3.8891 963.1785714285714 3.8891 (2002 - 2017)
^ 1030 : 2 4.0353 1123.7083333333333 4.0353 (2018 - 2019)
^ 1039 : 4 5.3806 586.2826086956521 5.3806 (2023 - )
^ 1050 : 4 5.2985 612.9318181818181 5.2985 (2012 - 2015)
^ 1051 : 4 7.8886 842.78125 7.8886 (2012 - 2015)
^ 1058 : 5 6.3943 898.9666666666667 6.3943 (2022 - )
^ 1072 : 13 8.7019 77.94508670520231 8.7019 (1998 - 2010)
^ 1074 : 4 5.0516 1348.45 5.0516 (2023 - )
^ 1079 : 5 8.5279 674.225 8.5279 (2022 - )
^ 11 : 2 4.2169 1926.357142857143 4.2169 (2013 - 2014)
^ 113 : 14 24.2251 97.71376811594203 24.2251 (2002 - 2015)
^ 118 : 9 14.8654 59.403083700440526 14.8654 (2005 - 2013)
^ 119 : 3 4.3375 110.52868852459017 4.3375 (2009 - 2011)
^ 120 : 3 3.9133 434.98387096774195 3.9133 (2021 - 2023)
^ 123 : 2 5.4923 396.6029411764706 5.4923 (2020 - 2021)
^ 147 : 4 6.7347 275.1938775510204 6.7347 (2023 - )
^ 154 : 3 5.3262 299.65555555555557 5.3262 (2016 - 2018)
^ 155 : 5 6.3594 184.71917808219177 6.3594 (2009 - 2013)
^ 163 : 4 5.5571 1225.8636363636363 5.5571 (2023 - )
^ 164 : 6 7.6147 224.74166666666667 7.6147 (2021 - )
^ 174 : 6 9.3554 364.44594594594594 9.3554 (2021 - )
^ 175 : 6 4.9859 1123.7083333333333 4.9859 (2011 - 2016)
^ 178 : 6 3.8086 1225.8636363636363 3.8086 (2021 - )
^ 184 : 18 4.8788 1225.8636363636363 4.8788 (1997 - 2014)
^ 189 : 3 4.3931 1348.45 4.3931 (2021 - 2023)
^ 190 : 29 25.2258 15.03288740245262 25.2258 (1982 - 2010)
^ 194 : 9 5.1392 1348.45 5.1392 (2005 - 2013)
^ 210 : 4 4.8608 374.56944444444446 4.8608 (2019 - 2022)
^ 211 : 2 3.8631 2247.4166666666665 3.8631 (2010 - 2011)
^ 213 : 4 6.2639 149.82777777777778 6.2639 (2016 - 2019)
^ 223 : 6 5.0768 280.9270833333333 5.0768 (2012 - 2017)
^ 224 : 10 4.0227 2247.4166666666665 4.0227 (1993 - 2002)
^ 227 : 3 4.8787 149.82777777777778 4.8787 (2021 - 2023)
^ 231 : 5 4.7766 259.3173076923077 4.7766 (2013 - 2017)
^ 233 : 7 12.8214 275.1938775510204 12.8214 (2020 - )
^ 237 : 9 4.3885 299.65555555555557 4.3885 (2009 - 2017)
^ 239 : 13 3.8918 364.44594594594594 3.8918 (1998 - 2010)
^ 241 : 6 7.2734 464.98275862068965 7.2734 (2021 - )
^ 248 : 8 4.6374 280.9270833333333 4.6374 (2008 - 2015)
^ 249 : 11 5.2691 612.9318181818181 5.2691 (2005 - 2015)
^ 252 : 2 4.5388 1685.5625 4.5388 (2018 - 2019)
^ 254 : 4 8.8162 709.7105263157895 8.8162 (2014 - 2017)
^ 255 : 4 4.1675 1348.45 4.1675 (2017 - 2020)
^ 259 : 5 29.0678 198.3014705882353 29.0678 (2022 - )
^ 26 : 4 5.2161 1685.5625 5.2161 (2006 - 2009)
^ 262 : 13 5.5606 328.890243902439 5.5606 (2000 - 2012)
^ 263 : 6 5.6522 709.7105263157895 5.6522 (2010 - 2015)
^ 27 : 4 6.1911 99.15073529411765 6.1911 (2010 - 2013)
^ 272 : 7 3.8189 1123.7083333333333 3.8189 (2012 - 2018)
^ 273 : 4 5.6695 842.78125 5.6695 (2020 - 2023)
^ 276 : 5 6.8209 842.78125 6.8209 (2022 - )
^ 29 : 7 4.9537 221.05737704918033 4.9537 (2008 - 2014)
^ 3 : 3 6.7444 898.9666666666667 6.7444 (2020 - 2022)
^ 30 : 6 7.0955 642.1190476190476 7.0955 (2014 - 2019)
^ 303 : 7 6.6862 642.1190476190476 6.6862 (2012 - 2018)
^ 305 : 3 4.8694 793.2058823529412 4.8694 (2020 - 2022)
^ 309 : 5 4.2617 1348.45 4.2617 (2022 - )
^ 31 : 13 6.5393 1348.45 6.5393 (1995 - 2007)
^ 312 : 2 3.9835 963.1785714285714 3.9835 (2015 - 2016)
^ 314 : 5 4.6805 1123.7083333333333 4.6805 (2015 - 2019)
^ 315 : 4 6.3604 963.1785714285714 6.3604 (2015 - 2018)
^ 316 : 3 4.0618 518.6346153846154 4.0618 (2020 - 2022)
^ 318 : 19 10.6599 182.22297297297297 10.6599 (1994 - 2012)
^ 32 : 7 5.5034 293.14130434782606 5.5034 (2015 - 2021)
^ 332 : 4 4.8046 898.9666666666667 4.8046 (2023 - )
^ 338 : 6 18.3905 254.4245283018868 18.3905 (2021 - )
^ 341 : 2 5.7101 254.4245283018868 5.7101 (2010 - 2011)
^ 344 : 3 6.7542 963.1785714285714 6.7542 (2018 - 2020)
^ 347 : 20 4.0628 321.0595238095238 4.0628 (1993 - 2012)
^ 348 : 3 3.9019 1926.357142857143 3.9019 (2012 - 2014)
^ 353 : 2 4.3091 385.27142857142854 4.3091 (2022 - 2023)
^ 356 : 4 7.5794 898.9666666666667 7.5794 (2023 - )
^ 37 : 8 4.0229 518.6346153846154 4.0229 (2011 - 2018)
^ 370 : 5 10.2357 561.8541666666666 10.2357 (2022 - )
^ 374 : 2 5.1065 1498.2777777777778 5.1065 (2018 - 2019)
^ 381 : 2 4.9899 842.78125 4.9899 (2020 - 2021)
^ 384 : 4 7.9642 364.44594594594594 7.9642 (2018 - 2021)
^ 385 : 5 4.859 1685.5625 4.859 (2007 - 2011)
^ 388 : 2 4.7124 1123.7083333333333 4.7124 (2017 - 2018)
^ 389 : 5 4.6017 126.0233644859813 4.6017 (2022 - )
^ 390 : 3 5.9578 254.4245283018868 5.9578 (2021 - 2023)
^ 395 : 6 4.1551 1123.7083333333333 4.1551 (2021 - )
^ 396 : 11 13.0276 240.79464285714286 13.0276 (2007 - 2017)
^ 398 : 2 4.4225 245.1727272727273 4.4225 (2012 - 2013)
^ 40 : 2 4.1074 306.46590909090907 4.1074 (2017 - 2018)
^ 41 : 4 5.8158 793.2058823529412 5.8158 (2023 - )
^ 412 : 5 5.1749 963.1785714285714 5.1749 (2016 - 2020)
^ 413 : 2 4.7562 1498.2777777777778 4.7562 (2020 - 2021)
^ 414 : 21 11.0772 103.72692307692307 11.0772 (1994 - 2014)
^ 42 : 4 10.0229 709.7105263157895 10.0229 (2011 - 2014)
^ 420 : 2 6.8715 1037.2692307692307 6.8715 (2020 - 2021)
^ 423 : 4 7.4882 299.65555555555557 7.4882 (2023 - )
^ 432 : 6 16.3154 139.01546391752578 16.3154 (2021 - )
^ 439 : 2 5.1065 1498.2777777777778 5.1065 (2018 - 2019)
^ 442 : 3 5.8609 354.85526315789474 9.9398 (2019 - 2021)
^ 443 : 3 4.945 842.78125 4.945 (2018 - 2020)
^ 445 : 18 4.3685 842.78125 4.3685 (2000 - 2017)
^ 446 : 23 13.896 14.345212765957447 13.896 (1986 - 2008)
^ 450 : 7 3.9183 898.9666666666667 3.9183 (2020 - )
^ 458 : 4 15.5125 84.80817610062893 15.5125 (2020 - 2023)
^ 467 : 31 32.2688 23.209122203098108 32.2688 (1982 - 2012)
^ 471 : 5 4.2617 1348.45 4.2617 (2022 - )
^ 485 : 5 5.5929 749.1388888888889 5.5929 (2022 - )
^ 487 : 21 5.2438 1348.45 5.2438 (1992 - 2012)
^ 489 : 6 4.1178 158.64117647058825 4.1178 (2011 - 2016)
^ 49 : 4 4.7456 709.7105263157895 4.7456 (2023 - )
^ 490 : 6 6.5745 275.1938775510204 6.5745 (2021 - )
^ 491 : 3 5.5675 749.1388888888889 5.5675 (2017 - 2019)
^ 496 : 4 5.6695 842.78125 5.6695 (2020 - 2023)
^ 498 : 3 4.0564 1926.357142857143 4.0564 (2011 - 2013)
^ 5 : 7 8.3661 421.390625 8.3661 (2020 - )
^ 50 : 6 6.9425 172.87820512820514 6.9425 (2014 - 2019)
^ 502 : 9 7.8152 374.56944444444446 7.8152 (2009 - 2017)
^ 512 : 3 5.2722 1123.7083333333333 5.2722 (2021 - 2023)
^ 515 : 7 5.1778 586.2826086956521 5.1778 (2015 - 2021)
^ 519 : 2 4.325 1225.8636363636363 4.325 (2022 - 2023)
^ 523 : 5 3.8354 1498.2777777777778 3.8354 (2022 - )
^ 524 : 2 5.8554 217.49193548387098 5.8554 (2022 - 2023)
^ 531 : 7 7.8769 249.71296296296296 7.8769 (2020 - )
^ 532 : 3 8.469 561.8541666666666 8.469 (2021 - 2023)
^ 540 : 3 3.9536 1498.2777777777778 3.9536 (2021 - 2023)
^ 541 : 2 3.8934 499.4259259259259 3.8934 (2016 - 2017)
^ 544 : 7 7.3188 481.5892857142857 7.3188 (2020 - )
^ 55 : 3 4.1922 1926.357142857143 4.1922 (2010 - 2012)
^ 550 : 3 4.275 1123.7083333333333 4.275 (2008 - 2010)
^ 558 : 3 6.9261 328.890243902439 6.9261 (2021 - 2023)
^ 565 : 4 7.0737 963.1785714285714 7.0737 (2023 - )
^ 574 : 4 6.0626 1123.7083333333333 6.0626 (2023 - )
^ 581 : 7 15.1833 232.49137931034483 15.1833 (2020 - )
^ 585 : 5 4.5286 963.1785714285714 4.5286 (2018 - 2022)
^ 588 : 2 4.8196 1685.5625 4.8196 (2013 - 2014)
^ 59 : 5 6.7655 561.8541666666666 6.7655 (2022 - )
^ 592 : 3 8.1658 198.3014705882353 8.1658 (2013 - 2015)
^ 593 : 4 6.098 749.1388888888889 6.098 (2015 - 2018)
^ 60 : 13 4.3048 184.71917808219177 4.3048 (2001 - 2013)
^ 600 : 11 5.5588 963.1785714285714 5.5588 (2005 - 2015)
^ 607 : 5 5.6279 963.1785714285714 5.6279 (2014 - 2018)
^ 608 : 5 4.1636 1498.2777777777778 4.1636 (2011 - 2015)
^ 611 : 2 4.3305 674.225 4.3305 (2020 - 2021)
^ 613 : 2 4.0353 1123.7083333333333 4.0353 (2018 - 2019)
^ 618 : 2 4.2762 1685.5625 4.2762 (2021 - 2022)
^ 624 : 15 4.5543 65.14251207729468 4.5543 (1996 - 2010)
^ 626 : 4 5.2319 1037.2692307692307 5.2319 (2018 - 2021)
^ 628 : 7 12.4441 408.6212121212121 12.4441 (2007 - 2013)
^ 629 : 3 3.8447 396.6029411764706 3.8447 (2021 - 2023)
^ 630 : 4 7.0737 963.1785714285714 7.0737 (2023 - )
^ 632 : 9 5.6802 321.0595238095238 5.6802 (2018 - )
^ 633 : 3 5.6051 499.4259259259259 5.6051 (2019 - 2021)
^ 635 : 6 5.215 749.1388888888889 5.215 (2016 - 2021)
^ 639 : 3 7.2488 1037.2692307692307 7.2488 (2012 - 2014)
^ 643 : 6 6.5805 286.90425531914894 6.5805 (2017 - 2022)
^ 644 : 4 4.6035 345.7564102564103 4.6035 (2018 - 2021)
^ 645 : 4 4.4655 396.6029411764706 4.4655 (2017 - 2020)
^ 646 : 4 4.0044 674.225 4.0044 (2009 - 2012)
^ 652 : 6 7.2252 709.7105263157895 7.2252 (2012 - 2017)
^ 657 : 7 5.327 434.98387096774195 5.327 (2020 - )
^ 661 : 5 9.6455 286.90425531914894 9.6455 (2022 - )
^ 667 : 21 6.222 709.7105263157895 6.222 (1994 - 2014)
^ 675 : 8 4.258 146.57065217391303 4.258 (2019 - )
^ 68 : 9 4.6654 1348.45 4.6654 (2006 - 2014)
^ 688 : 9 3.8706 709.7105263157895 3.8706 (2009 - 2017)
^ 690 : 8 5.8931 264.4019607843137 5.8931 (2016 - 2023)
^ 703 : 3 7.9108 749.1388888888889 7.9108 (2021 - 2023)
^ 706 : 6 10.7006 286.90425531914894 10.7006 (2021 - )
^ 709 : 4 5.0516 1348.45 5.0516 (2023 - )
^ 71 : 5 7.2476 793.2058823529412 7.2476 (2022 - )
^ 719 : 3 4.2925 207.45384615384614 4.2925 (2021 - 2023)
^ 727 : 20 4.402 1498.2777777777778 4.402 (1994 - 2013)
^ 728 : 5 4.7162 963.1785714285714 4.7162 (2017 - 2021)
^ 729 : 2 4.1437 192.63571428571427 4.1437 (2021 - 2022)
^ 730 : 4 4.671 126.0233644859813 4.671 (2013 - 2016)
^ 732 : 2 3.8475 709.7105263157895 3.8475 (2018 - 2019)
^ 74 : 2 4.7787 204.31060606060606 4.7787 (2014 - 2015)
^ 740 : 6 13.1788 182.22297297297297 13.1788 (2021 - )
^ 749 : 4 17.9511 313.59302325581393 17.9511 (2017 - 2020)
^ 750 : 8 5.352 539.38 5.352 (2013 - 2020)
^ 752 : 7 8.0777 232.49137931034483 8.0777 (2009 - 2015)
^ 753 : 3 3.9019 1926.357142857143 3.9019 (2012 - 2014)
^ 755 : 5 4.2617 1348.45 4.2617 (2022 - )
^ 76 : 6 4.5153 175.12337662337663 4.5153 (2014 - 2019)
^ 760 : 3 5.8784 674.225 5.8784 (2017 - 2019)
^ 763 : 5 9.4042 421.390625 9.4042 (2014 - 2018)
^ 773 : 16 4.9529 91.11148648648648 4.9529 (1998 - 2013)
^ 778 : 6 5.5397 612.9318181818181 5.5397 (2021 - )
^ 78 : 2 5.1926 1348.45 5.1926 (2022 - 2023)
^ 789 : 7 3.8742 499.4259259259259 3.8742 (2009 - 2015)
^ 790 : 6 5.3166 518.6346153846154 5.3166 (2014 - 2019)
^ 795 : 3 4.0473 70.59947643979058 4.0473 (2014 - 2016)
^ 799 : 4 4.9603 963.1785714285714 4.9603 (2020 - 2023)
^ 804 : 2 5.3583 232.49137931034483 5.3583 (2021 - 2022)
^ 808 : 21 6.376 408.6212121212121 6.376 (1993 - 2013)
^ 813 : 6 6.9269 518.6346153846154 6.9269 (2021 - )
^ 814 : 4 8.4681 214.03968253968253 8.4681 (2020 - 2023)
^ 815 : 5 5.9607 674.225 5.9607 (2014 - 2018)
^ 818 : 8 4.9234 586.2826086956521 4.9234 (2013 - 2020)
^ 820 : 6 9.3562 499.4259259259259 9.3562 (2021 - )
^ 824 : 15 8.6093 127.2122641509434 8.6093 (2001 - 2015)
^ 830 : 6 8.4521 364.44594594594594 8.4521 (2018 - 2023)
^ 838 : 3 4.7642 1498.2777777777778 4.7642 (2014 - 2016)
^ 841 : 5 3.9374 709.7105263157895 3.9374 (2011 - 2015)
^ 842 : 31 17.3408 55.72107438016529 17.3408 (1982 - 2012)
^ 843 : 3 5.5751 1348.45 5.5751 (2012 - 2014)
^ 846 : 21 22.1339 38.41737891737892 22.1339 (1992 - 2012)
^ 849 : 5 6.3943 898.9666666666667 6.3943 (2022 - )
^ 852 : 7 7.5237 269.69 7.5237 (2020 - )
^ 854 : 5 4.2617 1348.45 4.2617 (2022 - )
^ 860 : 3 5.7119 1037.2692307692307 5.7119 (2021 - 2023)
^ 864 : 9 4.732 385.27142857142854 4.732 (2018 - )
^ 868 : 6 15.9558 293.14130434782606 15.9558 (2021 - )
^ 878 : 2 5.7121 1225.8636363636363 5.7121 (2022 - 2023)
^ 880 : 6 3.8251 408.6212121212121 3.8251 (2015 - 2020)
^ 882 : 16 3.9771 1685.5625 3.9771 (1998 - 2013)
^ 886 : 19 8.7414 612.9318181818181 8.7414 (1995 - 2013)
^ 890 : 6 9.1732 674.225 9.1732 (2007 - 2012)
^ 896 : 3 5.6245 499.4259259259259 5.6245 (2021 - 2023)
^ 898 : 4 7.1767 481.5892857142857 7.1767 (2015 - 2018)
^ 902 : 3 3.8583 1685.5625 3.8583 (2018 - 2020)
^ 903 : 6 6.9265 481.5892857142857 6.9265 (2021 - )
^ 905 : 3 9.5628 364.44594594594594 9.5628 (2019 - 2021)
^ 906 : 5 6.4897 421.390625 6.4897 (2011 - 2015)
^ 921 : 4 10.2818 240.79464285714286 16.3119 (2023 - )
^ 922 : 4 9.7453 642.1190476190476 9.7453 (2014 - 2017)
^ 931 : 6 4.6351 842.78125 4.6351 (2016 - 2021)
^ 934 : 2 4.122 345.7564102564103 4.122 (2009 - 2010)
^ 935 : 6 7.9957 612.9318181818181 7.9957 (2013 - 2018)
^ 938 : 9 5.7463 214.03968253968253 5.7463 (2018 - )
^ 94 : 3 4.6694 1498.2777777777778 4.6694 (2016 - 2018)
^ 943 : 10 6.5708 20.126119402985076 6.5708 (2001 - 2010)
^ 948 : 2 6.2318 1123.7083333333333 6.2318 (2022 - 2023)
^ 949 : 4 6.6701 842.78125 6.6701 (2017 - 2020)
^ 956 : 5 3.9107 175.12337662337663 3.9107 (2014 - 2018)
^ 964 : 6 4.9978 396.6029411764706 4.9978 (2016 - 2021)
^ 965 : 5 8.2776 421.390625 8.2776 (2018 - 2022)
^ 966 : 5 4.99 499.4259259259259 4.99 (2008 - 2012)
^ 97 : 6 9.7006 217.49193548387098 9.7006 (2021 - )
^ 974 : 4 5.5571 1225.8636363636363 5.5571 (2023 - )
^ 977 : 4 4.251 464.98275862068965 4.251 (2023 - )
^ 979 : 3 3.8702 2247.4166666666665 3.8702 (2008 - 2010)
^ 98 : 2 5.1065 1498.2777777777778 5.1065 (2018 - 2019)
^ 981 : 16 16.0082 160.5297619047619 16.0082 (1996 - 2011)
^ 984 : 5 7.6172 364.44594594594594 7.6172 (2017 - 2021)
^ 985 : 7 5.2541 269.69 5.2541 (2010 - 2016)
^ 987 : 2 6.3426 1123.7083333333333 6.3426 (2020 - 2021)
^ 989 : 12 7.3754 224.74166666666667 7.3754 (2003 - 2014)
^ 993 : 19 8.0243 464.98275862068965 8.0243 (1995 - 2013)
^ 997 : 7 6.5741 1225.8636363636363 6.5741 (2005 - 2011)
